{"operation": "get", "query": "How do I use the useState hook?", "cache_hit": false, "timestamp": "2026-01-04T22:34:06.214417"}
{"operation": "set", "query": "How do I use the useState hook?", "cache_hit": null, "timestamp": "2026-01-04T22:34:06.882634"}
{"operation": "get", "query": "What's the difference between useState and useRedu", "cache_hit": false, "timestamp": "2026-01-04T22:34:07.393857"}
{"operation": "set", "query": "What's the difference between useState and useRedu", "cache_hit": null, "timestamp": "2026-01-04T22:34:08.200567"}
{"operation": "get", "query": "How do I use the useState hook?", "cache_hit": true, "timestamp": "2026-01-04T22:34:08.708895"}
{"operation": "get", "query": "How do I create a simple React component?", "cache_hit": false, "timestamp": "2026-01-04T22:37:02.033357"}
{"operation": "set", "query": "How do I create a simple React component?", "cache_hit": null, "timestamp": "2026-01-04T22:37:02.739821"}
{"operation": "get", "query": "What is JSX and why do we use it?", "cache_hit": false, "timestamp": "2026-01-04T22:37:03.250083"}
{"operation": "set", "query": "What is JSX and why do we use it?", "cache_hit": null, "timestamp": "2026-01-04T22:37:03.652498"}
{"operation": "get", "query": "How do I handle button clicks in React?", "cache_hit": false, "timestamp": "2026-01-04T22:37:04.164586"}
{"operation": "set", "query": "How do I handle button clicks in React?", "cache_hit": null, "timestamp": "2026-01-04T22:37:04.740044"}
{"operation": "get", "query": "What's the difference between props and state?", "cache_hit": false, "timestamp": "2026-01-04T22:37:05.248331"}
{"operation": "set", "query": "What's the difference between props and state?", "cache_hit": null, "timestamp": "2026-01-04T22:37:05.771017"}
{"operation": "get", "query": "How do I render a list of items in React?", "cache_hit": false, "timestamp": "2026-01-04T22:37:06.280424"}
{"operation": "set", "query": "How do I render a list of items in React?", "cache_hit": null, "timestamp": "2026-01-04T22:37:06.797211"}
{"operation": "get", "query": "How do I use the useState hook?", "cache_hit": false, "timestamp": "2026-01-04T22:37:07.305432"}
{"operation": "set", "query": "How do I use the useState hook?", "cache_hit": null, "timestamp": "2026-01-04T22:37:07.869380"}
{"operation": "get", "query": "What's the difference between useState and useRedu", "cache_hit": false, "timestamp": "2026-01-04T22:37:08.376784"}
{"operation": "set", "query": "What's the difference between useState and useRedu", "cache_hit": null, "timestamp": "2026-01-04T22:37:08.937066"}
{"operation": "get", "query": "How do I fetch data when a component mounts using ", "cache_hit": false, "timestamp": "2026-01-04T22:37:09.445421"}
{"operation": "set", "query": "How do I fetch data when a component mounts using ", "cache_hit": null, "timestamp": "2026-01-04T22:37:09.959799"}
{"operation": "get", "query": "How do I optimize performance with useMemo?", "cache_hit": false, "timestamp": "2026-01-04T22:37:10.470981"}
{"operation": "set", "query": "How do I optimize performance with useMemo?", "cache_hit": null, "timestamp": "2026-01-04T22:37:10.993885"}
{"operation": "get", "query": "What is useCallback and when should I use it?", "cache_hit": false, "timestamp": "2026-01-04T22:37:11.503071"}
{"operation": "set", "query": "What is useCallback and when should I use it?", "cache_hit": null, "timestamp": "2026-01-04T22:37:12.111222"}
{"operation": "get", "query": "How do I handle form validation in React?", "cache_hit": false, "timestamp": "2026-01-04T22:37:12.619582"}
{"operation": "set", "query": "How do I handle form validation in React?", "cache_hit": null, "timestamp": "2026-01-04T22:37:17.290379"}
{"operation": "get", "query": "How do I create controlled components for forms?", "cache_hit": false, "timestamp": "2026-01-04T22:37:17.801893"}
{"operation": "set", "query": "How do I create controlled components for forms?", "cache_hit": null, "timestamp": "2026-01-04T22:37:24.505481"}
{"operation": "get", "query": "How do I prevent default form submission?", "cache_hit": false, "timestamp": "2026-01-04T22:37:25.017655"}
{"operation": "set", "query": "How do I prevent default form submission?", "cache_hit": null, "timestamp": "2026-01-04T22:37:32.693796"}
{"operation": "get", "query": "Show me how to optimize performance with React.mem", "cache_hit": false, "timestamp": "2026-01-04T22:37:33.209045"}
{"operation": "set", "query": "Show me how to optimize performance with React.mem", "cache_hit": null, "timestamp": "2026-01-04T22:37:37.855134"}
{"operation": "get", "query": "How do I use lazy loading for components?", "cache_hit": false, "timestamp": "2026-01-04T22:37:38.364338"}
{"operation": "set", "query": "How do I use lazy loading for components?", "cache_hit": null, "timestamp": "2026-01-04T22:37:42.978866"}
{"operation": "get", "query": "What causes unnecessary re-renders and how do I fi", "cache_hit": false, "timestamp": "2026-01-04T22:37:43.485365"}
{"operation": "set", "query": "What causes unnecessary re-renders and how do I fi", "cache_hit": null, "timestamp": "2026-01-04T22:37:50.412177"}
{"operation": "get", "query": "How do I use React Context API?", "cache_hit": false, "timestamp": "2026-01-04T22:37:50.923609"}
{"operation": "set", "query": "How do I use React Context API?", "cache_hit": null, "timestamp": "2026-01-04T22:37:54.712840"}
{"operation": "get", "query": "What are React portals and when should I use them?", "cache_hit": false, "timestamp": "2026-01-04T22:37:55.224809"}
{"operation": "set", "query": "What are React portals and when should I use them?", "cache_hit": null, "timestamp": "2026-01-04T22:38:01.158917"}
{"operation": "get", "query": "How do I handle errors with Error Boundaries?", "cache_hit": false, "timestamp": "2026-01-04T22:38:01.665781"}
{"operation": "set", "query": "How do I handle errors with Error Boundaries?", "cache_hit": null, "timestamp": "2026-01-04T22:38:06.284340"}
{"operation": "get", "query": "What is React Server Components and how do they wo", "cache_hit": false, "timestamp": "2026-01-04T22:38:06.795498"}
{"operation": "set", "query": "What is React Server Components and how do they wo", "cache_hit": null, "timestamp": "2026-01-04T22:38:09.472695"}
{"operation": "get", "query": "How do I use the useState hook?", "cache_hit": true, "timestamp": "2026-01-04T22:38:09.983764"}
{"operation": "get", "query": "What is JSX and why do we use it?", "cache_hit": true, "timestamp": "2026-01-04T22:38:09.988171"}
{"operation": "get", "query": "How do I handle button clicks in React?", "cache_hit": true, "timestamp": "2026-01-04T22:38:09.991648"}
{"operation": "get", "query": "How do I create controlled components for forms?", "cache_hit": true, "timestamp": "2026-01-04T22:38:09.995541"}
{"operation": "get", "query": "How do I use React Context API?", "cache_hit": true, "timestamp": "2026-01-04T22:38:09.998992"}
