{"timestamp": "2026-01-04 22:29:39,834", "level": "INFO", "query": "How do I use useState?", "response_time": 2.5, "cached": false, "sources_count": 1, "answer_length": 14, "success": true, "error": null}
{"timestamp": "2026-01-04 22:29:39,937", "level": "INFO", "query": "What is JSX?", "response_time": 3.1, "cached": false, "sources_count": 2, "answer_length": 9, "success": true, "error": null}
{"timestamp": "2026-01-04 22:29:40,040", "level": "INFO", "query": "How do I use useState?", "response_time": 0.003, "cached": true, "sources_count": 1, "answer_length": 14, "success": true, "error": null}
{"timestamp": "2026-01-04 22:29:40,145", "level": "INFO", "query": "Form validation?", "response_time": 2.8, "cached": false, "sources_count": 1, "answer_length": 14, "success": true, "error": null}
{"timestamp": "2026-01-04 22:34:06,882", "level": "INFO", "query": "How do I use the useState hook?", "response_time": 0.67, "cached": false, "sources_count": 3, "answer_length": 657, "success": true, "error": null}
{"timestamp": "2026-01-04 22:34:08,200", "level": "INFO", "query": "What's the difference between useState and useReducer?", "response_time": 0.812, "cached": false, "sources_count": 3, "answer_length": 770, "success": true, "error": null}
{"timestamp": "2026-01-04 22:34:08,708", "level": "INFO", "query": "How do I use the useState hook?", "response_time": 0.005, "cached": true, "sources_count": 3, "answer_length": 657, "success": true, "error": null}
{"timestamp": "2026-01-04 22:37:02,740", "level": "INFO", "query": "How do I create a simple React component?", "response_time": 0.715, "cached": false, "sources_count": 2, "answer_length": 573, "success": true, "error": null}
{"timestamp": "2026-01-04 22:37:03,652", "level": "INFO", "query": "What is JSX and why do we use it?", "response_time": 0.407, "cached": false, "sources_count": 3, "answer_length": 542, "success": true, "error": null}
{"timestamp": "2026-01-04 22:37:04,740", "level": "INFO", "query": "How do I handle button clicks in React?", "response_time": 0.582, "cached": false, "sources_count": 3, "answer_length": 628, "success": true, "error": null}
{"timestamp": "2026-01-04 22:37:05,771", "level": "INFO", "query": "What's the difference between props and state?", "response_time": 0.526, "cached": false, "sources_count": 2, "answer_length": 965, "success": true, "error": null}
{"timestamp": "2026-01-04 22:37:06,797", "level": "INFO", "query": "How do I render a list of items in React?", "response_time": 0.522, "cached": false, "sources_count": 3, "answer_length": 612, "success": true, "error": null}
{"timestamp": "2026-01-04 22:37:07,869", "level": "INFO", "query": "How do I use the useState hook?", "response_time": 0.567, "cached": false, "sources_count": 3, "answer_length": 680, "success": true, "error": null}
{"timestamp": "2026-01-04 22:37:08,937", "level": "INFO", "query": "What's the difference between useState and useReducer?", "response_time": 0.567, "cached": false, "sources_count": 3, "answer_length": 1015, "success": true, "error": null}
{"timestamp": "2026-01-04 22:37:09,960", "level": "INFO", "query": "How do I fetch data when a component mounts using useEffect?", "response_time": 0.519, "cached": false, "sources_count": 3, "answer_length": 847, "success": true, "error": null}
{"timestamp": "2026-01-04 22:37:10,994", "level": "INFO", "query": "How do I optimize performance with useMemo?", "response_time": 0.529, "cached": false, "sources_count": 2, "answer_length": 863, "success": true, "error": null}
{"timestamp": "2026-01-04 22:37:12,111", "level": "INFO", "query": "What is useCallback and when should I use it?", "response_time": 0.613, "cached": false, "sources_count": 3, "answer_length": 911, "success": true, "error": null}
{"timestamp": "2026-01-04 22:37:17,290", "level": "INFO", "query": "How do I handle form validation in React?", "response_time": 4.675, "cached": false, "sources_count": 3, "answer_length": 898, "success": true, "error": null}
{"timestamp": "2026-01-04 22:37:24,506", "level": "INFO", "query": "How do I create controlled components for forms?", "response_time": 6.71, "cached": false, "sources_count": 3, "answer_length": 1020, "success": true, "error": null}
{"timestamp": "2026-01-04 22:37:32,694", "level": "INFO", "query": "How do I prevent default form submission?", "response_time": 7.68, "cached": false, "sources_count": 2, "answer_length": 701, "success": true, "error": null}
{"timestamp": "2026-01-04 22:37:37,855", "level": "INFO", "query": "Show me how to optimize performance with React.memo", "response_time": 4.656, "cached": false, "sources_count": 3, "answer_length": 537, "success": true, "error": null}
{"timestamp": "2026-01-04 22:37:42,979", "level": "INFO", "query": "How do I use lazy loading for components?", "response_time": 4.618, "cached": false, "sources_count": 2, "answer_length": 647, "success": true, "error": null}
{"timestamp": "2026-01-04 22:37:50,412", "level": "INFO", "query": "What causes unnecessary re-renders and how do I fix them?", "response_time": 6.933, "cached": false, "sources_count": 3, "answer_length": 1217, "success": true, "error": null}
{"timestamp": "2026-01-04 22:37:54,713", "level": "INFO", "query": "How do I use React Context API?", "response_time": 3.795, "cached": false, "sources_count": 3, "answer_length": 970, "success": true, "error": null}
{"timestamp": "2026-01-04 22:38:01,159", "level": "INFO", "query": "What are React portals and when should I use them?", "response_time": 5.94, "cached": false, "sources_count": 3, "answer_length": 969, "success": true, "error": null}
{"timestamp": "2026-01-04 22:38:06,284", "level": "INFO", "query": "How do I handle errors with Error Boundaries?", "response_time": 4.624, "cached": false, "sources_count": 3, "answer_length": 868, "success": true, "error": null}
{"timestamp": "2026-01-04 22:38:09,473", "level": "INFO", "query": "What is React Server Components and how do they work?", "response_time": 2.683, "cached": false, "sources_count": 3, "answer_length": 828, "success": true, "error": null}
{"timestamp": "2026-01-04 22:38:09,983", "level": "INFO", "query": "How do I use the useState hook?", "response_time": 0.005, "cached": true, "sources_count": 3, "answer_length": 680, "success": true, "error": null}
{"timestamp": "2026-01-04 22:38:09,987", "level": "INFO", "query": "What is JSX and why do we use it?", "response_time": 0.004, "cached": true, "sources_count": 3, "answer_length": 542, "success": true, "error": null}
{"timestamp": "2026-01-04 22:38:09,991", "level": "INFO", "query": "How do I handle button clicks in React?", "response_time": 0.003, "cached": true, "sources_count": 3, "answer_length": 628, "success": true, "error": null}
{"timestamp": "2026-01-04 22:38:09,995", "level": "INFO", "query": "How do I create controlled components for forms?", "response_time": 0.003, "cached": true, "sources_count": 3, "answer_length": 1020, "success": true, "error": null}
{"timestamp": "2026-01-04 22:38:09,998", "level": "INFO", "query": "How do I use React Context API?", "response_time": 0.003, "cached": true, "sources_count": 3, "answer_length": 970, "success": true, "error": null}
